2021-11-24 09:22:48,229 [restartedMain] [36mc.t.s.Application[0;39m - Starting Application using Java 15.0.2 on LAPTOP-HVK7614P with PID 4912 (D:\AkramSpringBoot\springboot_assesment2.0\target\classes started by ANAND in D:\AkramSpringBoot\springboot_assesment2.0) 
2021-11-24 09:22:49,185 [restartedMain] [36mc.t.s.Application[0;39m - No active profile set, falling back to default profiles: default 
2021-11-24 09:22:49,948 [restartedMain] [36mo.s.b.d.e.DevToolsPropertyDefaultsPostProcessor[0;39m - Devtools property defaults active! Set 'spring.devtools.add-properties' to 'false' to disable 
2021-11-24 09:22:49,950 [restartedMain] [36mo.s.b.d.e.DevToolsPropertyDefaultsPostProcessor[0;39m - For additional web related logging consider setting the 'logging.level.web' property to 'DEBUG' 
2021-11-24 09:22:54,026 [restartedMain] [36mo.s.d.r.c.RepositoryConfigurationDelegate[0;39m - Bootstrapping Spring Data JPA repositories in DEFAULT mode. 
2021-11-24 09:22:54,334 [restartedMain] [36mo.s.d.r.c.RepositoryConfigurationDelegate[0;39m - Finished Spring Data repository scanning in 277 ms. Found 3 JPA repository interfaces. 
2021-11-24 09:22:58,227 [restartedMain] [36mo.s.b.w.e.t.TomcatWebServer[0;39m - Tomcat initialized with port(s): 8081 (http) 
2021-11-24 09:22:58,265 [restartedMain] [36mo.a.c.c.StandardService[0;39m - Starting service [Tomcat] 
2021-11-24 09:22:58,266 [restartedMain] [36mo.a.c.c.StandardEngine[0;39m - Starting Servlet engine: [Apache Tomcat/9.0.54] 
2021-11-24 09:22:59,102 [restartedMain] [36mo.a.c.c.C.[.[.[/][0;39m - Initializing Spring embedded WebApplicationContext 
2021-11-24 09:22:59,103 [restartedMain] [36mo.s.b.w.s.c.ServletWebServerApplicationContext[0;39m - Root WebApplicationContext: initialization completed in 9145 ms 
2021-11-24 09:23:00,597 [restartedMain] [36mo.h.j.i.u.LogHelper[0;39m - HHH000204: Processing PersistenceUnitInfo [name: default] 
2021-11-24 09:23:01,072 [restartedMain] [36mo.h.Version[0;39m - HHH000412: Hibernate ORM core version 5.4.32.Final 
2021-11-24 09:23:01,945 [restartedMain] [36mo.h.a.c.Version[0;39m - HCANN000001: Hibernate Commons Annotations {5.1.2.Final} 
2021-11-24 09:23:02,538 [restartedMain] [36mc.z.h.HikariDataSource[0;39m - HikariPool-1 - Starting... 
2021-11-24 09:23:02,553 [restartedMain] [36mc.z.h.u.DriverDataSource[0;39m - Registered driver with driverClassName=com.mysql.jdbc.Driver was not found, trying direct instantiation. 
2021-11-24 09:23:03,377 [restartedMain] [36mc.z.h.HikariDataSource[0;39m - HikariPool-1 - Start completed. 
2021-11-24 09:23:03,547 [restartedMain] [36mo.h.d.Dialect[0;39m - HHH000400: Using dialect: org.hibernate.dialect.MySQL55Dialect 
2021-11-24 09:23:07,124 [restartedMain] [36mo.h.e.t.j.p.i.JtaPlatformInitiator[0;39m - HHH000490: Using JtaPlatform implementation: [org.hibernate.engine.transaction.jta.platform.internal.NoJtaPlatform] 
2021-11-24 09:23:07,164 [restartedMain] [36mo.s.o.j.LocalContainerEntityManagerFactoryBean[0;39m - Initialized JPA EntityManagerFactory for persistence unit 'default' 
2021-11-24 09:23:08,768 [restartedMain] [36mo.s.b.a.o.j.JpaBaseConfiguration$JpaWebConfiguration[0;39m - spring.jpa.open-in-view is enabled by default. Therefore, database queries may be performed during view rendering. Explicitly configure spring.jpa.open-in-view to disable this warning 
2021-11-24 09:23:10,606 [restartedMain] [36mc.t.s.s.SecurityConfiguration[0;39m - CONFIGURE AUTH 
2021-11-24 09:23:11,056 [restartedMain] [36mc.t.s.s.SecurityConfiguration[0;39m - CONFIGURE HTTP 
2021-11-24 09:23:11,119 [restartedMain] [36mo.s.s.w.DefaultSecurityFilterChain[0;39m - Will secure Ant [pattern='/v2/api-docs'] with [] 
2021-11-24 09:23:11,120 [restartedMain] [36mo.s.s.w.DefaultSecurityFilterChain[0;39m - Will secure Ant [pattern='/swagger-resources/configuration/ui'] with [] 
2021-11-24 09:23:11,120 [restartedMain] [36mo.s.s.w.DefaultSecurityFilterChain[0;39m - Will secure Ant [pattern='/swagger-resources'] with [] 
2021-11-24 09:23:11,121 [restartedMain] [36mo.s.s.w.DefaultSecurityFilterChain[0;39m - Will secure Ant [pattern='/swagger-resources/configuration/security'] with [] 
2021-11-24 09:23:11,122 [restartedMain] [36mo.s.s.w.DefaultSecurityFilterChain[0;39m - Will secure Ant [pattern='/swagger-ui.html'] with [] 
2021-11-24 09:23:11,123 [restartedMain] [36mo.s.s.w.DefaultSecurityFilterChain[0;39m - Will secure Ant [pattern='/webjars/**'] with [] 
2021-11-24 09:23:11,218 [restartedMain] [36mo.s.s.w.DefaultSecurityFilterChain[0;39m - Will secure any request with [org.springframework.security.web.context.request.async.WebAsyncManagerIntegrationFilter@68504c6a, org.springframework.security.web.context.SecurityContextPersistenceFilter@11c62643, org.springframework.security.web.header.HeaderWriterFilter@40919ecc, org.springframework.security.web.authentication.logout.LogoutFilter@c3d81bd, com.te.springboot.filter.CustomerAuthorizationFilter@7d23724b, com.te.springboot.filter.CustumAuthenticationFilter@251592f9, org.springframework.security.web.savedrequest.RequestCacheAwareFilter@3147d698, org.springframework.security.web.servletapi.SecurityContextHolderAwareRequestFilter@62524732, org.springframework.security.web.authentication.AnonymousAuthenticationFilter@5667f685, org.springframework.security.web.session.SessionManagementFilter@411ad544, org.springframework.security.web.access.ExceptionTranslationFilter@6b736323, org.springframework.security.web.access.intercept.FilterSecurityInterceptor@3f3cb105] 
2021-11-24 09:23:11,379 [restartedMain] [36ms.d.s.w.PropertySourcedRequestMappingHandlerMapping[0;39m - Mapped URL path [/v2/api-docs] onto method [springfox.documentation.swagger2.web.Swagger2Controller#getDocumentation(String, HttpServletRequest)] 
2021-11-24 09:23:13,070 [restartedMain] [36mo.s.b.d.a.OptionalLiveReloadServer[0;39m - LiveReload server is running on port 35729 
2021-11-24 09:23:13,754 [restartedMain] [36mo.s.b.w.e.t.TomcatWebServer[0;39m - Tomcat started on port(s): 8081 (http) with context path '' 
2021-11-24 09:23:13,756 [restartedMain] [36ms.d.s.w.p.DocumentationPluginsBootstrapper[0;39m - Context refreshed 
2021-11-24 09:23:13,851 [restartedMain] [36ms.d.s.w.p.DocumentationPluginsBootstrapper[0;39m - Found 1 custom documentation plugin(s) 
2021-11-24 09:23:13,997 [restartedMain] [36ms.d.s.w.s.ApiListingReferenceScanner[0;39m - Scanning for api listing references 
2021-11-24 09:23:14,864 [restartedMain] [36mc.t.s.Application[0;39m - Started Application in 31.8 seconds (JVM running for 37.668) 
2021-11-24 09:26:52,734 [http-nio-8081-exec-1] [36mo.a.c.c.C.[.[.[/][0;39m - Initializing Spring DispatcherServlet 'dispatcherServlet' 
2021-11-24 09:26:52,735 [http-nio-8081-exec-1] [36mo.s.w.s.DispatcherServlet[0;39m - Initializing Servlet 'dispatcherServlet' 
2021-11-24 09:26:52,741 [http-nio-8081-exec-1] [36mo.s.w.s.DispatcherServlet[0;39m - Completed initialization in 6 ms 
2021-11-24 09:26:52,813 [http-nio-8081-exec-1] [36mc.t.s.f.CustomerAuthorizationFilter[0;39m - PASSING TO DO FILTER 
2021-11-24 09:26:52,815 [http-nio-8081-exec-1] [36mc.t.s.f.CustumAuthenticationFilter[0;39m - ATTEMPTAUTHENTICATION METHOD START 
2021-11-24 09:26:52,817 [http-nio-8081-exec-1] [36mc.t.s.f.CustumAuthenticationFilter[0;39m - Username is Abhishek Kumar And Password Is akr 
2021-11-24 09:26:52,819 [http-nio-8081-exec-1] [36mc.t.s.f.CustumAuthenticationFilter[0;39m - THIS IS AUTHENTICATION TOKEN 
2021-11-24 09:26:53,382 [http-nio-8081-exec-1] [36mc.t.s.s.CustomerServiceImpl[0;39m - Load User Method Serive 
2021-11-24 09:26:55,612 [http-nio-8081-exec-1] [36mc.t.s.s.CustomerServiceImpl[0;39m - return Load User Method Serive 
2021-11-24 09:26:55,999 [http-nio-8081-exec-1] [36mc.t.s.f.CustumAuthenticationFilter[0;39m - AFTER THE AUTHENTICATE RETURN THE AUTHENTICATE 
2021-11-24 09:26:56,000 [http-nio-8081-exec-1] [36mc.t.s.f.CustumAuthenticationFilter[0;39m - HELLO SCCESSFULAUTHENTICATION METHOD IN CUSTOMAUTHENTICATION CLASS 
2021-11-24 09:26:56,001 [http-nio-8081-exec-1] [36mc.t.s.f.CustumAuthenticationFilter[0;39m - USER WITH DATA 
2021-11-24 09:26:56,296 [http-nio-8081-exec-1] [36mc.t.s.f.CustumAuthenticationFilter[0;39m - BEFORE REFRESH TOKEN 
2021-11-24 09:26:56,300 [http-nio-8081-exec-1] [36mc.t.s.f.CustumAuthenticationFilter[0;39m - RETURNING OBJECTMAPPER OBJECT 
2021-11-24 09:51:05,910 [http-nio-8081-exec-5] [36mc.t.s.f.CustomerAuthorizationFilter[0;39m - THIS  IS ELASE PART OF DOFILTER 
2021-11-24 09:51:05,918 [http-nio-8081-exec-5] [36mc.t.s.f.CustomerAuthorizationFilter[0;39m - GOT HEADER 
2021-11-24 09:51:05,919 [http-nio-8081-exec-5] [36mc.t.s.f.CustomerAuthorizationFilter[0;39m - AUTMOBILE 
2021-11-24 09:53:06,312 [Thread-4] [36mo.s.o.j.LocalContainerEntityManagerFactoryBean[0;39m - Closing JPA EntityManagerFactory for persistence unit 'default' 
2021-11-24 09:53:06,330 [Thread-4] [36mc.z.h.HikariDataSource[0;39m - HikariPool-1 - Shutdown initiated... 
2021-11-24 09:53:06,348 [Thread-4] [36mc.z.h.HikariDataSource[0;39m - HikariPool-1 - Shutdown completed. 
2021-11-24 09:53:07,066 [restartedMain] [36mc.t.s.Application[0;39m - Starting Application using Java 15.0.2 on LAPTOP-HVK7614P with PID 4912 (D:\AkramSpringBoot\springboot_assesment2.0\target\classes started by ANAND in D:\AkramSpringBoot\springboot_assesment2.0) 
2021-11-24 09:53:07,073 [restartedMain] [36mc.t.s.Application[0;39m - No active profile set, falling back to default profiles: default 
